<?xml version="1.0" encoding="UTF-8"?>
<testng-results ignored="0" total="3" passed="3" failed="0" skipped="0">
  <reporter-output>
  </reporter-output>
  <suite started-at="2022-10-09T01:52:57 ICT" name="Default suite" finished-at="2022-10-09T01:54:04 ICT" duration-ms="66798">
    <groups>
    </groups>
    <test started-at="2022-10-09T01:52:57 ICT" name="Default test" finished-at="2022-10-09T01:54:04 ICT" duration-ms="66798">
      <class name="ujian.hukuman.appium.catatankeuangan.runner.MoneyTrackerRunner">
        <test-method is-config="true" signature="setUp()[pri:0, instance:ujian.hukuman.appium.catatankeuangan.runner.MoneyTrackerRunner@e350b40]" started-at="2022-10-09T01:52:57 ICT" name="setUp" finished-at="2022-10-09T01:53:09 ICT" duration-ms="11512" status="PASS">
          <reporter-output>
          </reporter-output>
        </test-method> <!-- setUp -->
        <test-method signature="addTransaction()[pri:0, instance:ujian.hukuman.appium.catatankeuangan.runner.MoneyTrackerRunner@e350b40]" started-at="2022-10-09T01:53:09 ICT" name="addTransaction" finished-at="2022-10-09T01:53:22 ICT" duration-ms="13012" status="PASS">
          <reporter-output>
          </reporter-output>
        </test-method> <!-- addTransaction -->
        <test-method is-config="true" signature="setUp()[pri:0, instance:ujian.hukuman.appium.catatankeuangan.runner.MoneyTrackerRunner@e350b40]" started-at="2022-10-09T01:53:22 ICT" name="setUp" finished-at="2022-10-09T01:53:33 ICT" duration-ms="10757" status="PASS">
          <reporter-output>
          </reporter-output>
        </test-method> <!-- setUp -->
        <test-method signature="editTransaction()[pri:1, instance:ujian.hukuman.appium.catatankeuangan.runner.MoneyTrackerRunner@e350b40]" started-at="2022-10-09T01:53:33 ICT" name="editTransaction" finished-at="2022-10-09T01:53:50 ICT" duration-ms="17174" status="PASS">
          <reporter-output>
          </reporter-output>
        </test-method> <!-- editTransaction -->
        <test-method is-config="true" signature="setUp()[pri:0, instance:ujian.hukuman.appium.catatankeuangan.runner.MoneyTrackerRunner@e350b40]" started-at="2022-10-09T01:53:50 ICT" name="setUp" finished-at="2022-10-09T01:54:00 ICT" duration-ms="10528" status="PASS">
          <reporter-output>
          </reporter-output>
        </test-method> <!-- setUp -->
        <test-method signature="deleteTransaction()[pri:2, instance:ujian.hukuman.appium.catatankeuangan.runner.MoneyTrackerRunner@e350b40]" started-at="2022-10-09T01:54:00 ICT" name="deleteTransaction" finished-at="2022-10-09T01:54:04 ICT" duration-ms="3747" status="PASS">
          <reporter-output>
          </reporter-output>
        </test-method> <!-- deleteTransaction -->
      </class> <!-- ujian.hukuman.appium.catatankeuangan.runner.MoneyTrackerRunner -->
    </test> <!-- Default test -->
  </suite> <!-- Default suite -->
</testng-results>
