<?xml version="1.0" encoding="UTF-8"?>
<testng-results ignored="0" total="1" passed="1" failed="0" skipped="0">
  <reporter-output>
  </reporter-output>
  <suite started-at="2022-09-25T09:44:25 ICT" name="Default suite" finished-at="2022-09-25T09:44:48 ICT" duration-ms="23084">
    <groups>
    </groups>
    <test started-at="2022-09-25T09:44:25 ICT" name="Default test" finished-at="2022-09-25T09:44:48 ICT" duration-ms="23084">
      <class name="ujian.ujiankelima.appium.runner.CustomerSDRunner">
        <test-method is-config="true" signature="setUp()[pri:0, instance:ujian.ujiankelima.appium.runner.CustomerSDRunner@7ef82753]" started-at="2022-09-25T09:44:25 ICT" name="setUp" finished-at="2022-09-25T09:44:34 ICT" duration-ms="8959" status="PASS">
          <reporter-output>
          </reporter-output>
        </test-method> <!-- setUp -->
        <test-method is-config="true" signature="pageObject()[pri:0, instance:ujian.ujiankelima.appium.runner.CustomerSDRunner@7ef82753]" started-at="2022-09-25T09:44:34 ICT" name="pageObject" finished-at="2022-09-25T09:44:34 ICT" duration-ms="128" status="PASS">
          <reporter-output>
          </reporter-output>
        </test-method> <!-- pageObject -->
        <test-method signature="CustEdit()[pri:2, instance:ujian.ujiankelima.appium.runner.CustomerSDRunner@7ef82753]" started-at="2022-09-25T09:44:34 ICT" name="CustEdit" finished-at="2022-09-25T09:44:48 ICT" duration-ms="13952" status="PASS">
          <reporter-output>
          </reporter-output>
        </test-method> <!-- CustEdit -->
      </class> <!-- ujian.ujiankelima.appium.runner.CustomerSDRunner -->
    </test> <!-- Default test -->
  </suite> <!-- Default suite -->
</testng-results>
