<?xml version="1.0" encoding="UTF-8"?>
<!-- Generated by org.testng.reporters.JUnitXMLReporter -->
<testsuite ignored="0" hostname="DESKTOP-7EJ77M7" failures="0" tests="3" name="Default test" time="66.798" errors="0" timestamp="2022-10-09T01:54:04 ICT">
  <testcase classname="ujian.hukuman.appium.catatankeuangan.runner.MoneyTrackerRunner" name="addTransaction" time="13.012"/>
  <testcase classname="ujian.hukuman.appium.catatankeuangan.runner.MoneyTrackerRunner" name="editTransaction" time="17.174"/>
  <testcase classname="ujian.hukuman.appium.catatankeuangan.runner.MoneyTrackerRunner" name="deleteTransaction" time="3.747"/>
</testsuite> <!-- Default test -->
